2023-08-02 19:16:51 INFO  BasePage:41 - Moving the test results in archieve folder
2023-08-02 19:16:51 INFO  BasePage:43 - Moving the screenshots in archieve folder
2023-08-02 19:16:51 INFO  BasePage:38 - Instantiated the extent reports and other stuffs
2023-08-02 19:16:51 INFO  BasePage:49 - Instantiated the extent reports and other stuffs
2023-08-02 19:16:51 INFO  BasePage:36 - Instantiated the extent reports and other stuffs
2023-08-02 19:16:51 INFO  BasePage:38 - Instantiated the extent reports and other stuffs
2023-08-02 19:16:51 INFO  BasePage:48 - Instantiated the extent reports and other stuffs
2023-08-02 19:16:51 INFO  BasePage:47 - Instantiated the extent reports and other stuffs
2023-08-02 19:16:51 INFO  BasePage:43 - Initializing the browser
2023-08-02 19:16:51 INFO  BasePage:42 - Initializing the chrome browser.
2023-08-02 19:16:52 DEBUG InternalLoggerFactory:89 - Using Log4J as the default logging framework
2023-08-02 19:16:52 DEBUG ResourceLeakDetector:129 - -Dio.netty.leakDetection.level: simple
2023-08-02 19:16:52 DEBUG ResourceLeakDetector:130 - -Dio.netty.leakDetection.targetRecords: 4
2023-08-02 19:16:52 DEBUG ResourceLeakDetectorFactory:196 - Loaded default ResourceLeakDetector: io.netty.util.ResourceLeakDetector@784b990c
2023-08-02 19:16:52 DEBUG PlatformDependent0:496 - -Dio.netty.noUnsafe: false
2023-08-02 19:16:52 DEBUG PlatformDependent0:1000 - Java version: 17
2023-08-02 19:16:52 DEBUG PlatformDependent0:137 - sun.misc.Unsafe.theUnsafe: available
2023-08-02 19:16:52 DEBUG PlatformDependent0:161 - sun.misc.Unsafe.copyMemory: available
2023-08-02 19:16:52 DEBUG PlatformDependent0:193 - sun.misc.Unsafe.storeFence: available
2023-08-02 19:16:52 DEBUG PlatformDependent0:236 - java.nio.Buffer.address: available
2023-08-02 19:16:52 DEBUG PlatformDependent0:320 - direct buffer constructor: unavailable: Reflective setAccessible(true) disabled
2023-08-02 19:16:52 DEBUG PlatformDependent0:385 - java.nio.Bits.unaligned: available, true
2023-08-02 19:16:52 DEBUG PlatformDependent0:452 - jdk.internal.misc.Unsafe.allocateUninitializedArray(int): unavailable: class io.netty.util.internal.PlatformDependent0$7 cannot access class jdk.internal.misc.Unsafe (in module java.base) because module java.base does not export jdk.internal.misc to unnamed module @1d76aeea
2023-08-02 19:16:52 DEBUG PlatformDependent0:482 - java.nio.DirectByteBuffer.<init>(long, int): unavailable
2023-08-02 19:16:52 DEBUG PlatformDependent:1159 - sun.misc.Unsafe: available
2023-08-02 19:16:52 DEBUG PlatformDependent:1270 - maxDirectMemory: 4137680896 bytes (maybe)
2023-08-02 19:16:52 DEBUG PlatformDependent:1289 - -Dio.netty.tmpdir: C:\Users\PRASHA~1\AppData\Local\Temp (java.io.tmpdir)
2023-08-02 19:16:52 DEBUG PlatformDependent:1368 - -Dio.netty.bitMode: 64 (sun.arch.data.model)
2023-08-02 19:16:52 DEBUG PlatformDependent:1119 - Platform: Windows
2023-08-02 19:16:52 DEBUG PlatformDependent:178 - -Dio.netty.maxDirectMemory: -1 bytes
2023-08-02 19:16:52 DEBUG PlatformDependent:185 - -Dio.netty.uninitializedArrayAllocationThreshold: -1
2023-08-02 19:16:52 DEBUG CleanerJava9:71 - java.nio.ByteBuffer.cleaner(): available
2023-08-02 19:16:52 DEBUG PlatformDependent:205 - -Dio.netty.noPreferDirect: false
2023-08-02 19:16:52 DEBUG PlatformDependent:1010 - org.jctools-core.MpscChunkedArrayQueue: available
2023-08-02 19:16:52 DEBUG InternalThreadLocalMap:100 - -Dio.netty.threadLocalMap.stringBuilder.initialSize: 1024
2023-08-02 19:16:52 DEBUG InternalThreadLocalMap:101 - -Dio.netty.threadLocalMap.stringBuilder.maxSize: 4096
2023-08-02 19:16:52 DEBUG JdkSslContext:83 - Default protocols (JDK): [TLSv1.3, TLSv1.2] 
2023-08-02 19:16:52 DEBUG JdkSslContext:84 - Default cipher suites (JDK): [TLS_ECDHE_ECDSA_WITH_AES_256_GCM_SHA384, TLS_ECDHE_ECDSA_WITH_AES_128_GCM_SHA256, TLS_ECDHE_RSA_WITH_AES_128_GCM_SHA256, TLS_ECDHE_RSA_WITH_AES_256_GCM_SHA384, TLS_ECDHE_RSA_WITH_AES_128_CBC_SHA, TLS_ECDHE_RSA_WITH_AES_256_CBC_SHA, TLS_RSA_WITH_AES_128_GCM_SHA256, TLS_RSA_WITH_AES_128_CBC_SHA, TLS_RSA_WITH_AES_256_CBC_SHA, TLS_AES_128_GCM_SHA256, TLS_AES_256_GCM_SHA384]
2023-08-02 19:16:52 DEBUG GlobalEventExecutor:53 - -Dio.netty.globalEventExecutor.quietPeriodSeconds: 1
2023-08-02 19:16:52 DEBUG MultithreadEventLoopGroup:44 - -Dio.netty.eventLoopThreads: 16
2023-08-02 19:16:52 DEBUG NioEventLoop:110 - -Dio.netty.noKeySetOptimization: false
2023-08-02 19:16:52 DEBUG NioEventLoop:111 - -Dio.netty.selectorAutoRebuildThreshold: 512
2023-08-02 19:16:52 DEBUG PooledByteBufAllocator:157 - -Dio.netty.allocator.numHeapArenas: 16
2023-08-02 19:16:52 DEBUG PooledByteBufAllocator:158 - -Dio.netty.allocator.numDirectArenas: 16
2023-08-02 19:16:52 DEBUG PooledByteBufAllocator:160 - -Dio.netty.allocator.pageSize: 8192
2023-08-02 19:16:52 DEBUG PooledByteBufAllocator:165 - -Dio.netty.allocator.maxOrder: 9
2023-08-02 19:16:52 DEBUG PooledByteBufAllocator:169 - -Dio.netty.allocator.chunkSize: 4194304
2023-08-02 19:16:52 DEBUG PooledByteBufAllocator:170 - -Dio.netty.allocator.smallCacheSize: 256
2023-08-02 19:16:52 DEBUG PooledByteBufAllocator:171 - -Dio.netty.allocator.normalCacheSize: 64
2023-08-02 19:16:52 DEBUG PooledByteBufAllocator:172 - -Dio.netty.allocator.maxCachedBufferCapacity: 32768
2023-08-02 19:16:52 DEBUG PooledByteBufAllocator:173 - -Dio.netty.allocator.cacheTrimInterval: 8192
2023-08-02 19:16:52 DEBUG PooledByteBufAllocator:174 - -Dio.netty.allocator.cacheTrimIntervalMillis: 0
2023-08-02 19:16:52 DEBUG PooledByteBufAllocator:175 - -Dio.netty.allocator.useCacheForAllThreads: false
2023-08-02 19:16:52 DEBUG PooledByteBufAllocator:176 - -Dio.netty.allocator.maxCachedByteBuffersPerChunk: 1023
2023-08-02 19:16:52 DEBUG ByteBufUtil:88 - -Dio.netty.allocator.type: pooled
2023-08-02 19:16:52 DEBUG ByteBufUtil:97 - -Dio.netty.threadLocalDirectBufferSize: 0
2023-08-02 19:16:52 DEBUG ByteBufUtil:100 - -Dio.netty.maxThreadLocalCharBufferSize: 16384
2023-08-02 19:16:53 DEBUG DefaultChannelId:79 - -Dio.netty.processId: 3816 (auto-detected)
2023-08-02 19:16:53 DEBUG NetUtil:142 - -Djava.net.preferIPv4Stack: false
2023-08-02 19:16:53 DEBUG NetUtil:143 - -Djava.net.preferIPv6Addresses: false
2023-08-02 19:16:53 DEBUG NetUtilInitializations:145 - Loopback interface: lo (Software Loopback Interface 1, 127.0.0.1)
2023-08-02 19:16:53 DEBUG NetUtil:200 - Failed to get SOMAXCONN from sysctl and file \proc\sys\net\core\somaxconn. Default: 200
2023-08-02 19:16:53 DEBUG DefaultChannelId:101 - -Dio.netty.machineId: 50:84:92:ff:fe:57:2b:c8 (auto-detected)
2023-08-02 19:16:53 DEBUG AbstractByteBuf:63 - -Dio.netty.buffer.checkAccessible: true
2023-08-02 19:16:53 DEBUG AbstractByteBuf:64 - -Dio.netty.buffer.checkBounds: true
2023-08-02 19:16:53 DEBUG ResourceLeakDetectorFactory:196 - Loaded default ResourceLeakDetector: io.netty.util.ResourceLeakDetector@2f5f4180
2023-08-02 19:16:53 DEBUG Recycler:96 - -Dio.netty.recycler.maxCapacityPerThread: 4096
2023-08-02 19:16:53 DEBUG Recycler:97 - -Dio.netty.recycler.ratio: 8
2023-08-02 19:16:53 DEBUG Recycler:98 - -Dio.netty.recycler.chunkSize: 32
2023-08-02 19:16:53 DEBUG Recycler:99 - -Dio.netty.recycler.blocking: false
2023-08-02 19:16:53 DEBUG Recycler:100 - -Dio.netty.recycler.batchFastThreadLocalOnly: true
2023-08-02 19:16:53 DEBUG Brotli:38 - brotli4j not in the classpath; Brotli support will be unavailable.
2023-08-02 19:16:53 DEBUG ThreadLocalRandom:214 - -Dio.netty.initialSeedUniquifier: 0x65e59d380b131e4f
2023-08-02 19:16:54 INFO  BasePage:51 - Maximizing the chrome browser.
2023-08-02 19:16:54 INFO  BasePage:53 - Initializing the implicit wait for chrome browser.
2023-08-02 19:16:54 INFO  BasePage:45 - Navigating the application url
2023-08-02 19:17:00 INFO  BasePage:59 - Verifying Shop New Yoga Button on Home page
2023-08-02 19:17:01 ERROR BasePage:65 - Log4j: Shop New Yoga Button validation failed.
2023-08-02 19:17:04 INFO  BasePage:43 - Initializing the browser
2023-08-02 19:17:04 INFO  BasePage:42 - Initializing the chrome browser.
2023-08-02 19:17:05 INFO  BasePage:51 - Maximizing the chrome browser.
2023-08-02 19:17:05 INFO  BasePage:53 - Initializing the implicit wait for chrome browser.
2023-08-02 19:17:05 INFO  BasePage:45 - Navigating the application url
2023-08-02 19:17:09 INFO  BasePage:79 - Verifying signin link on Home page
2023-08-02 19:17:09 INFO  BasePage:82 - Log4j: User can observe the Signin link on Home page.
2023-08-02 19:17:13 INFO  BasePage:45 - Initializing the browser
2023-08-02 19:17:13 INFO  BasePage:42 - Initializing the chrome browser.
2023-08-02 19:17:14 INFO  BasePage:51 - Maximizing the chrome browser.
2023-08-02 19:17:14 INFO  BasePage:53 - Initializing the implicit wait for chrome browser.
2023-08-02 19:17:14 INFO  BasePage:47 - Navigating the application url
2023-08-02 19:17:19 INFO  BasePage:103 - Clicking on signin link
2023-08-02 19:17:20 INFO  BasePage:105 - Enter email address
2023-08-02 19:17:23 INFO  BasePage:107 - Enter password
2023-08-02 19:17:23 INFO  BasePage:109 - Clicking on signin button
2023-08-02 19:17:24 INFO  BasePage:111 - Verifying the welcome message
2023-08-02 19:17:26 INFO  BasePage:115 - Log4j: Observe that user is able to logged in scuccessfully.
2023-08-02 19:17:29 INFO  BasePage:45 - Initializing the browser
2023-08-02 19:17:29 INFO  BasePage:42 - Initializing the chrome browser.
2023-08-02 19:17:30 INFO  BasePage:51 - Maximizing the chrome browser.
2023-08-02 19:17:30 INFO  BasePage:53 - Initializing the implicit wait for chrome browser.
2023-08-02 19:17:30 INFO  BasePage:47 - Navigating the application url
2023-08-02 19:17:35 INFO  BasePage:61 - Clicking on signup link
2023-08-02 19:17:36 INFO  BasePage:63 - Enter first name
2023-08-02 19:17:36 INFO  BasePage:65 - Enter last name
2023-08-02 19:17:36 INFO  BasePage:67 - Enter dynamic email address
2023-08-02 19:17:38 INFO  BasePage:69 - Enter password
2023-08-02 19:17:38 INFO  BasePage:71 - Confirming the password
2023-08-02 19:17:38 INFO  BasePage:73 - Clicking on create an account button
2023-08-02 19:17:45 INFO  BasePage:75 - Verifying that registration is successfully completed
2023-08-02 19:17:45 INFO  BasePage:79 - Log4j: Observe that user is able to signed up scuccessfully.
2023-08-02 19:17:49 INFO  BasePage:54 - Initializing the browser
2023-08-02 19:17:49 INFO  BasePage:42 - Initializing the chrome browser.
2023-08-02 19:17:50 INFO  BasePage:51 - Maximizing the chrome browser.
2023-08-02 19:17:50 INFO  BasePage:53 - Initializing the implicit wait for chrome browser.
2023-08-02 19:17:50 INFO  BasePage:56 - Navigating the application url
2023-08-02 19:17:55 INFO  BasePage:74 - Clicking on women's jacket option
2023-08-02 19:17:57 INFO  BasePage:76 - Filtering the size, color and pattern
2023-08-02 19:18:05 INFO  BasePage:80 - Items adding into cart
2023-08-02 19:18:09 INFO  BasePage:82 - User going to sign in
2023-08-02 19:18:15 INFO  BasePage:87 - Open the cart section
2023-08-02 19:18:30 INFO  BasePage:90 - Checking out the item
2023-08-02 19:18:36 INFO  BasePage:94 - Placing the order
2023-08-02 19:18:41 INFO  BasePage:96 - Verifying the order has been placed
2023-08-02 19:18:46 INFO  BasePage:100 - Log4j: Order placed successfully with women item.
2023-08-02 19:18:49 INFO  BasePage:54 - Initializing the browser
2023-08-02 19:18:49 INFO  BasePage:42 - Initializing the chrome browser.
2023-08-02 19:18:50 INFO  BasePage:51 - Maximizing the chrome browser.
2023-08-02 19:18:50 INFO  BasePage:53 - Initializing the implicit wait for chrome browser.
2023-08-02 19:18:50 INFO  BasePage:56 - Navigating the application url
2023-08-02 19:18:55 INFO  BasePage:74 - Clicking on women's jacket option
2023-08-02 19:18:57 INFO  BasePage:76 - Filtering the size, color and pattern
2023-08-02 19:19:05 INFO  BasePage:80 - Items adding into cart
2023-08-02 19:19:09 INFO  BasePage:82 - User going to sign in
2023-08-02 19:19:14 INFO  BasePage:87 - Open the cart section
2023-08-02 19:19:30 INFO  BasePage:90 - Checking out the item
2023-08-02 19:19:35 INFO  BasePage:94 - Placing the order
2023-08-02 19:19:40 INFO  BasePage:96 - Verifying the order has been placed
2023-08-02 19:19:45 INFO  BasePage:100 - Log4j: Order placed successfully with women item.
2023-08-02 19:19:48 INFO  BasePage:54 - Initializing the browser
2023-08-02 19:19:48 INFO  BasePage:42 - Initializing the chrome browser.
2023-08-02 19:19:49 INFO  BasePage:51 - Maximizing the chrome browser.
2023-08-02 19:19:49 INFO  BasePage:53 - Initializing the implicit wait for chrome browser.
2023-08-02 19:19:49 INFO  BasePage:56 - Navigating the application url
2023-08-02 19:19:54 INFO  BasePage:74 - Clicking on women's jacket option
2023-08-02 19:19:56 INFO  BasePage:76 - Filtering the size, color and pattern
2023-08-02 19:20:04 INFO  BasePage:80 - Items adding into cart
2023-08-02 19:20:07 INFO  BasePage:82 - User going to sign in
2023-08-02 19:20:13 INFO  BasePage:87 - Open the cart section
2023-08-02 19:20:28 INFO  BasePage:90 - Checking out the item
2023-08-02 19:20:34 INFO  BasePage:94 - Placing the order
2023-08-02 19:20:39 INFO  BasePage:96 - Verifying the order has been placed
2023-08-02 19:20:44 INFO  BasePage:100 - Log4j: Order placed successfully with women item.
2023-08-02 19:20:47 INFO  BasePage:55 - Initializing the browser
2023-08-02 19:20:47 INFO  BasePage:42 - Initializing the chrome browser.
2023-08-02 19:20:48 INFO  BasePage:51 - Maximizing the chrome browser.
2023-08-02 19:20:48 INFO  BasePage:53 - Initializing the implicit wait for chrome browser.
2023-08-02 19:20:48 INFO  BasePage:57 - Navigating the application url
2023-08-02 19:20:52 INFO  BasePage:75 - Clicking on men's shorts option
2023-08-02 19:20:54 INFO  BasePage:77 - Filtering the size, color and pattern
2023-08-02 19:21:00 INFO  BasePage:81 - Items adding into cart
2023-08-02 19:21:04 INFO  BasePage:83 - User going to sign in
2023-08-02 19:21:09 INFO  BasePage:88 - Open the cart section
2023-08-02 19:21:14 INFO  BasePage:90 - Proceeding for the checkout
2023-08-02 19:21:26 INFO  BasePage:92 - Checking out the item
2023-08-02 19:21:31 INFO  BasePage:96 - Placing the order
2023-08-02 19:21:37 INFO  BasePage:98 - Verifying the order has been placed
2023-08-02 19:21:42 INFO  BasePage:102 - Log4j: Order placed successfully with men item.
2023-08-02 19:21:45 INFO  BasePage:45 - Initializing the browser
2023-08-02 19:21:45 INFO  BasePage:42 - Initializing the chrome browser.
2023-08-02 19:21:46 INFO  BasePage:51 - Maximizing the chrome browser.
2023-08-02 19:21:46 INFO  BasePage:53 - Initializing the implicit wait for chrome browser.
2023-08-02 19:21:46 INFO  BasePage:47 - Navigating the application url
2023-08-02 19:21:51 INFO  BasePage:61 - Clicking on cart link
2023-08-02 19:21:56 INFO  BasePage:63 - Verifying empty cart message
2023-08-02 19:22:01 INFO  BasePage:67 - Log4j: Empty cart message shown.
2023-08-02 19:22:04 INFO  BasePage:56 - Initializing the browser
2023-08-02 19:22:04 INFO  BasePage:42 - Initializing the chrome browser.
2023-08-02 19:22:05 INFO  BasePage:51 - Maximizing the chrome browser.
2023-08-02 19:22:05 INFO  BasePage:53 - Initializing the implicit wait for chrome browser.
2023-08-02 19:22:05 INFO  BasePage:58 - Navigating the application url
2023-08-02 19:22:15 INFO  BasePage:77 - Clicking on Shop New Yoga button
2023-08-02 19:22:16 INFO  BasePage:79 - Filtering the size, color and pattern
2023-08-02 19:22:23 INFO  BasePage:83 - Items adding into cart
